{"/Users/kennymark/Desktop/Projects/express-starter/app.js": {"path":"/Users/kennymark/Desktop/Projects/express-starter/app.js","statementMap":{"0":{"start":{"line":17,"column":0},"end":{"line":17,"column":15}},"1":{"start":{"line":19,"column":16},"end":{"line":19,"column":39}},"2":{"start":{"line":25,"column":12},"end":{"line":25,"column":21}},"3":{"start":{"line":26,"column":13},"end":{"line":26,"column":37}},"4":{"start":{"line":27,"column":0},"end":{"line":27,"column":15}},"5":{"start":{"line":29,"column":0},"end":{"line":29,"column":22}},"6":{"start":{"line":30,"column":0},"end":{"line":30,"column":17}},"7":{"start":{"line":31,"column":0},"end":{"line":31,"column":38}},"8":{"start":{"line":32,"column":0},"end":{"line":32,"column":30}},"9":{"start":{"line":33,"column":0},"end":{"line":33,"column":27}},"10":{"start":{"line":34,"column":0},"end":{"line":34,"column":34}},"11":{"start":{"line":35,"column":0},"end":{"line":35,"column":15}},"12":{"start":{"line":38,"column":0},"end":{"line":38,"column":63}},"13":{"start":{"line":41,"column":0},"end":{"line":41,"column":29}},"14":{"start":{"line":42,"column":0},"end":{"line":42,"column":40}},"15":{"start":{"line":45,"column":0},"end":{"line":45,"column":46}},"16":{"start":{"line":46,"column":0},"end":{"line":46,"column":47}},"17":{"start":{"line":47,"column":0},"end":{"line":47,"column":23}},"18":{"start":{"line":49,"column":0},"end":{"line":49,"column":16}},"19":{"start":{"line":50,"column":0},"end":{"line":50,"column":38}},"20":{"start":{"line":51,"column":0},"end":{"line":51,"column":18}},"21":{"start":{"line":54,"column":0},"end":{"line":54,"column":25}},"22":{"start":{"line":55,"column":0},"end":{"line":55,"column":28}},"23":{"start":{"line":58,"column":0},"end":{"line":58,"column":77}},"24":{"start":{"line":58,"column":27},"end":{"line":58,"column":76}},"25":{"start":{"line":61,"column":0},"end":{"line":64,"column":4}},"26":{"start":{"line":63,"column":4},"end":{"line":63,"column":62}}},"fnMap":{"0":{"name":"(anonymous_0)","decl":{"start":{"line":58,"column":13},"end":{"line":58,"column":14}},"loc":{"start":{"line":58,"column":27},"end":{"line":58,"column":76}},"line":58},"1":{"name":"(anonymous_1)","decl":{"start":{"line":62,"column":19},"end":{"line":62,"column":20}},"loc":{"start":{"line":62,"column":30},"end":{"line":64,"column":3}},"line":62}},"branchMap":{"0":{"loc":{"start":{"line":19,"column":16},"end":{"line":19,"column":39}},"type":"binary-expr","locations":[{"start":{"line":19,"column":16},"end":{"line":19,"column":29}},{"start":{"line":19,"column":33},"end":{"line":19,"column":39}}],"line":19},"1":{"loc":{"start":{"line":26,"column":13},"end":{"line":26,"column":37}},"type":"binary-expr","locations":[{"start":{"line":26,"column":13},"end":{"line":26,"column":29}},{"start":{"line":26,"column":33},"end":{"line":26,"column":37}}],"line":26}},"s":{"0":1,"1":1,"2":1,"3":1,"4":1,"5":1,"6":1,"7":1,"8":1,"9":1,"10":1,"11":1,"12":1,"13":1,"14":1,"15":1,"16":1,"17":1,"18":1,"19":1,"20":1,"21":1,"22":1,"23":1,"24":0,"25":1,"26":0},"f":{"0":0,"1":0},"b":{"0":[1,0],"1":[1,1]},"_coverageSchema":"43e27e138ebf9cfc5966b082cf9a028302ed4184","hash":"9e899890ac40aa87f4c485e9cdb16245188a393a"}
,"/Users/kennymark/Desktop/Projects/express-starter/controllers/auth.controller.js": {"path":"/Users/kennymark/Desktop/Projects/express-starter/controllers/auth.controller.js","statementMap":{"0":{"start":{"line":7,"column":36},"end":{"line":7,"column":49}},"1":{"start":{"line":8,"column":38},"end":{"line":8,"column":52}},"2":{"start":{"line":9,"column":37},"end":{"line":9,"column":51}},"3":{"start":{"line":12,"column":0},"end":{"line":12,"column":15}},"4":{"start":{"line":18,"column":0},"end":{"line":35,"column":3}},"5":{"start":{"line":23,"column":2},"end":{"line":34,"column":3}},"6":{"start":{"line":24,"column":21},"end":{"line":24,"column":29}},"7":{"start":{"line":25,"column":23},"end":{"line":25,"column":52}},"8":{"start":{"line":26,"column":4},"end":{"line":31,"column":5}},"9":{"start":{"line":27,"column":6},"end":{"line":27,"column":76}},"10":{"start":{"line":28,"column":11},"end":{"line":31,"column":5}},"11":{"start":{"line":29,"column":21},"end":{"line":29,"column":65}},"12":{"start":{"line":30,"column":6},"end":{"line":30,"column":73}},"13":{"start":{"line":33,"column":4},"end":{"line":33,"column":15}},"14":{"start":{"line":37,"column":0},"end":{"line":54,"column":3}},"15":{"start":{"line":41,"column":2},"end":{"line":53,"column":3}},"16":{"start":{"line":42,"column":19},"end":{"line":42,"column":48}},"17":{"start":{"line":43,"column":4},"end":{"line":45,"column":5}},"18":{"start":{"line":44,"column":6},"end":{"line":44,"column":68}},"19":{"start":{"line":46,"column":4},"end":{"line":50,"column":5}},"20":{"start":{"line":47,"column":6},"end":{"line":47,"column":70}},"21":{"start":{"line":49,"column":6},"end":{"line":49,"column":73}},"22":{"start":{"line":52,"column":4},"end":{"line":52,"column":22}},"23":{"start":{"line":56,"column":0},"end":{"line":78,"column":3}},"24":{"start":{"line":62,"column":17},"end":{"line":62,"column":62}},"25":{"start":{"line":63,"column":2},"end":{"line":75,"column":3}},"26":{"start":{"line":63,"column":14},"end":{"line":63,"column":68}},"27":{"start":{"line":65,"column":24},"end":{"line":72,"column":5}},"28":{"start":{"line":73,"column":20},"end":{"line":73,"column":50}},"29":{"start":{"line":74,"column":4},"end":{"line":74,"column":72}},"30":{"start":{"line":80,"column":0},"end":{"line":98,"column":4}},"31":{"start":{"line":85,"column":2},"end":{"line":85,"column":4}},"32":{"start":{"line":86,"column":17},"end":{"line":86,"column":61}},"33":{"start":{"line":87,"column":2},"end":{"line":97,"column":3}},"34":{"start":{"line":87,"column":14},"end":{"line":87,"column":75}},"35":{"start":{"line":89,"column":23},"end":{"line":94,"column":5}},"36":{"start":{"line":95,"column":20},"end":{"line":95,"column":49}},"37":{"start":{"line":96,"column":4},"end":{"line":96,"column":72}},"38":{"start":{"line":101,"column":0},"end":{"line":103,"column":2}},"39":{"start":{"line":102,"column":2},"end":{"line":102,"column":22}},"40":{"start":{"line":106,"column":0},"end":{"line":110,"column":2}},"41":{"start":{"line":107,"column":2},"end":{"line":109,"column":4}},"42":{"start":{"line":108,"column":4},"end":{"line":108,"column":19}}},"fnMap":{"0":{"name":"(anonymous_0)","decl":{"start":{"line":22,"column":3},"end":{"line":22,"column":4}},"loc":{"start":{"line":22,"column":40},"end":{"line":35,"column":1}},"line":22},"1":{"name":"(anonymous_1)","decl":{"start":{"line":40,"column":3},"end":{"line":40,"column":4}},"loc":{"start":{"line":40,"column":35},"end":{"line":54,"column":1}},"line":40},"2":{"name":"(anonymous_2)","decl":{"start":{"line":60,"column":3},"end":{"line":60,"column":4}},"loc":{"start":{"line":60,"column":48},"end":{"line":78,"column":1}},"line":60},"3":{"name":"(anonymous_3)","decl":{"start":{"line":84,"column":3},"end":{"line":84,"column":4}},"loc":{"start":{"line":84,"column":48},"end":{"line":98,"column":1}},"line":84},"4":{"name":"(anonymous_4)","decl":{"start":{"line":101,"column":23},"end":{"line":101,"column":24}},"loc":{"start":{"line":101,"column":44},"end":{"line":103,"column":1}},"line":101},"5":{"name":"(anonymous_5)","decl":{"start":{"line":106,"column":25},"end":{"line":106,"column":26}},"loc":{"start":{"line":106,"column":44},"end":{"line":110,"column":1}},"line":106},"6":{"name":"(anonymous_6)","decl":{"start":{"line":107,"column":20},"end":{"line":107,"column":21}},"loc":{"start":{"line":107,"column":40},"end":{"line":109,"column":3}},"line":107}},"branchMap":{"0":{"loc":{"start":{"line":26,"column":4},"end":{"line":31,"column":5}},"type":"if","locations":[{"start":{"line":26,"column":4},"end":{"line":31,"column":5}},{"start":{"line":26,"column":4},"end":{"line":31,"column":5}}],"line":26},"1":{"loc":{"start":{"line":28,"column":11},"end":{"line":31,"column":5}},"type":"if","locations":[{"start":{"line":28,"column":11},"end":{"line":31,"column":5}},{"start":{"line":28,"column":11},"end":{"line":31,"column":5}}],"line":28},"2":{"loc":{"start":{"line":43,"column":4},"end":{"line":45,"column":5}},"type":"if","locations":[{"start":{"line":43,"column":4},"end":{"line":45,"column":5}},{"start":{"line":43,"column":4},"end":{"line":45,"column":5}}],"line":43},"3":{"loc":{"start":{"line":46,"column":4},"end":{"line":50,"column":5}},"type":"if","locations":[{"start":{"line":46,"column":4},"end":{"line":50,"column":5}},{"start":{"line":46,"column":4},"end":{"line":50,"column":5}}],"line":46},"4":{"loc":{"start":{"line":63,"column":2},"end":{"line":75,"column":3}},"type":"if","locations":[{"start":{"line":63,"column":2},"end":{"line":75,"column":3}},{"start":{"line":63,"column":2},"end":{"line":75,"column":3}}],"line":63},"5":{"loc":{"start":{"line":87,"column":2},"end":{"line":97,"column":3}},"type":"if","locations":[{"start":{"line":87,"column":2},"end":{"line":97,"column":3}},{"start":{"line":87,"column":2},"end":{"line":97,"column":3}}],"line":87}},"s":{"0":1,"1":1,"2":1,"3":1,"4":1,"5":0,"6":0,"7":0,"8":0,"9":0,"10":0,"11":0,"12":0,"13":0,"14":1,"15":0,"16":0,"17":0,"18":0,"19":0,"20":0,"21":0,"22":0,"23":1,"24":0,"25":0,"26":0,"27":0,"28":0,"29":0,"30":1,"31":0,"32":0,"33":0,"34":0,"35":0,"36":0,"37":0,"38":1,"39":0,"40":1,"41":0,"42":0},"f":{"0":0,"1":0,"2":0,"3":0,"4":0,"5":0,"6":0},"b":{"0":[0,0],"1":[0,0],"2":[0,0],"3":[0,0],"4":[0,0],"5":[0,0]},"_coverageSchema":"43e27e138ebf9cfc5966b082cf9a028302ed4184","hash":"04759a5b67d0db20ba6227f199cc62e202b38b32"}
,"/Users/kennymark/Desktop/Projects/express-starter/controllers/email.controller.js": {"path":"/Users/kennymark/Desktop/Projects/express-starter/controllers/email.controller.js","statementMap":{"0":{"start":{"line":5,"column":0},"end":{"line":5,"column":34}},"1":{"start":{"line":6,"column":48},"end":{"line":6,"column":59}},"2":{"start":{"line":7,"column":12},"end":{"line":7,"column":23}},"3":{"start":{"line":11,"column":2},"end":{"line":17,"column":3}},"4":{"start":{"line":18,"column":2},"end":{"line":18,"column":61}},"5":{"start":{"line":19,"column":2},"end":{"line":19,"column":18}},"6":{"start":{"line":33,"column":2},"end":{"line":38,"column":6}},"7":{"start":{"line":41,"column":16},"end":{"line":52,"column":2}},"8":{"start":{"line":42,"column":2},"end":{"line":51,"column":3}},"9":{"start":{"line":55,"column":2},"end":{"line":59,"column":5}},"10":{"start":{"line":56,"column":3},"end":{"line":56,"column":39}},"11":{"start":{"line":56,"column":12},"end":{"line":56,"column":39}},"12":{"start":{"line":58,"column":3},"end":{"line":58,"column":31}}},"fnMap":{"0":{"name":"(anonymous_0)","decl":{"start":{"line":10,"column":1},"end":{"line":10,"column":2}},"loc":{"start":{"line":10,"column":15},"end":{"line":20,"column":2}},"line":10},"1":{"name":"(anonymous_1)","decl":{"start":{"line":22,"column":1},"end":{"line":22,"column":2}},"loc":{"start":{"line":22,"column":13},"end":{"line":39,"column":2}},"line":22},"2":{"name":"(anonymous_2)","decl":{"start":{"line":41,"column":16},"end":{"line":41,"column":17}},"loc":{"start":{"line":41,"column":22},"end":{"line":52,"column":2}},"line":41},"3":{"name":"(anonymous_3)","decl":{"start":{"line":54,"column":1},"end":{"line":54,"column":2}},"loc":{"start":{"line":54,"column":14},"end":{"line":60,"column":2}},"line":54},"4":{"name":"(anonymous_4)","decl":{"start":{"line":55,"column":47},"end":{"line":55,"column":48}},"loc":{"start":{"line":55,"column":62},"end":{"line":59,"column":3}},"line":55}},"branchMap":{"0":{"loc":{"start":{"line":56,"column":3},"end":{"line":56,"column":39}},"type":"if","locations":[{"start":{"line":56,"column":3},"end":{"line":56,"column":39}},{"start":{"line":56,"column":3},"end":{"line":56,"column":39}}],"line":56}},"s":{"0":1,"1":1,"2":1,"3":1,"4":1,"5":1,"6":1,"7":1,"8":0,"9":0,"10":0,"11":0,"12":0},"f":{"0":1,"1":1,"2":0,"3":0,"4":0},"b":{"0":[0,0]},"_coverageSchema":"43e27e138ebf9cfc5966b082cf9a028302ed4184","hash":"0475c5fe51bface5263de04048323fec0a224ebe"}
,"/Users/kennymark/Desktop/Projects/express-starter/controllers/index.controller.js": {"path":"/Users/kennymark/Desktop/Projects/express-starter/controllers/index.controller.js","statementMap":{"0":{"start":{"line":5,"column":2},"end":{"line":5,"column":39}},"1":{"start":{"line":8,"column":2},"end":{"line":8,"column":45}},"2":{"start":{"line":12,"column":2},"end":{"line":12,"column":41}},"3":{"start":{"line":16,"column":2},"end":{"line":16,"column":45}}},"fnMap":{"0":{"name":"(anonymous_0)","decl":{"start":{"line":4,"column":1},"end":{"line":4,"column":2}},"loc":{"start":{"line":4,"column":20},"end":{"line":6,"column":2}},"line":4},"1":{"name":"(anonymous_1)","decl":{"start":{"line":7,"column":1},"end":{"line":7,"column":2}},"loc":{"start":{"line":7,"column":23},"end":{"line":9,"column":2}},"line":7},"2":{"name":"(anonymous_2)","decl":{"start":{"line":11,"column":1},"end":{"line":11,"column":2}},"loc":{"start":{"line":11,"column":21},"end":{"line":13,"column":2}},"line":11},"3":{"name":"(anonymous_3)","decl":{"start":{"line":15,"column":1},"end":{"line":15,"column":2}},"loc":{"start":{"line":15,"column":23},"end":{"line":17,"column":2}},"line":15}},"branchMap":{},"s":{"0":0,"1":0,"2":0,"3":0},"f":{"0":0,"1":0,"2":0,"3":0},"b":{},"_coverageSchema":"43e27e138ebf9cfc5966b082cf9a028302ed4184","hash":"18d27a53fbf19ae4f8e590f3c036b2fe86299fb0"}
,"/Users/kennymark/Desktop/Projects/express-starter/controllers/user.controller.js": {"path":"/Users/kennymark/Desktop/Projects/express-starter/controllers/user.controller.js","statementMap":{"0":{"start":{"line":10,"column":4},"end":{"line":10,"column":43}},"1":{"start":{"line":14,"column":4},"end":{"line":14,"column":49}},"2":{"start":{"line":18,"column":16},"end":{"line":18,"column":29}},"3":{"start":{"line":19,"column":19},"end":{"line":19,"column":47}},"4":{"start":{"line":20,"column":4},"end":{"line":20,"column":68}},"5":{"start":{"line":24,"column":4},"end":{"line":24,"column":70}},"6":{"start":{"line":28,"column":17},"end":{"line":28,"column":36}},"7":{"start":{"line":29,"column":19},"end":{"line":29,"column":63}},"8":{"start":{"line":30,"column":19},"end":{"line":30,"column":21}},"9":{"start":{"line":35,"column":4},"end":{"line":39,"column":6}},"10":{"start":{"line":43,"column":19},"end":{"line":43,"column":29}},"11":{"start":{"line":44,"column":17},"end":{"line":44,"column":66}},"12":{"start":{"line":45,"column":4},"end":{"line":47,"column":5}},"13":{"start":{"line":46,"column":6},"end":{"line":46,"column":55}},"14":{"start":{"line":51,"column":32},"end":{"line":51,"column":40}},"15":{"start":{"line":52,"column":24},"end":{"line":52,"column":53}},"16":{"start":{"line":53,"column":4},"end":{"line":60,"column":5}},"17":{"start":{"line":54,"column":6},"end":{"line":57,"column":7}},"18":{"start":{"line":55,"column":8},"end":{"line":55,"column":49}},"19":{"start":{"line":56,"column":8},"end":{"line":56,"column":30}},"20":{"start":{"line":59,"column":6},"end":{"line":59,"column":49}},"21":{"start":{"line":64,"column":4},"end":{"line":70,"column":5}},"22":{"start":{"line":74,"column":23},"end":{"line":74,"column":32}},"23":{"start":{"line":75,"column":17},"end":{"line":75,"column":36}},"24":{"start":{"line":76,"column":4},"end":{"line":85,"column":5}},"25":{"start":{"line":77,"column":6},"end":{"line":82,"column":9}},"26":{"start":{"line":78,"column":8},"end":{"line":81,"column":10}},"27":{"start":{"line":84,"column":6},"end":{"line":84,"column":84}},"28":{"start":{"line":89,"column":23},"end":{"line":89,"column":32}},"29":{"start":{"line":90,"column":17},"end":{"line":90,"column":36}},"30":{"start":{"line":92,"column":4},"end":{"line":100,"column":5}},"31":{"start":{"line":93,"column":21},"end":{"line":93,"column":86}},"32":{"start":{"line":94,"column":6},"end":{"line":97,"column":8}},"33":{"start":{"line":99,"column":6},"end":{"line":99,"column":84}},"34":{"start":{"line":105,"column":23},"end":{"line":105,"column":26}},"35":{"start":{"line":106,"column":4},"end":{"line":117,"column":22}},"36":{"start":{"line":107,"column":6},"end":{"line":116,"column":7}},"37":{"start":{"line":108,"column":8},"end":{"line":108,"column":84}},"38":{"start":{"line":108,"column":26},"end":{"line":108,"column":84}},"39":{"start":{"line":109,"column":8},"end":{"line":113,"column":10}},"40":{"start":{"line":110,"column":10},"end":{"line":110,"column":39}},"41":{"start":{"line":110,"column":21},"end":{"line":110,"column":39}},"42":{"start":{"line":111,"column":10},"end":{"line":112,"column":71}},"43":{"start":{"line":111,"column":28},"end":{"line":111,"column":64}},"44":{"start":{"line":112,"column":17},"end":{"line":112,"column":69}},"45":{"start":{"line":115,"column":8},"end":{"line":115,"column":26}},"46":{"start":{"line":121,"column":4},"end":{"line":133,"column":22}},"47":{"start":{"line":123,"column":6},"end":{"line":132,"column":7}},"48":{"start":{"line":124,"column":8},"end":{"line":124,"column":69}},"49":{"start":{"line":124,"column":26},"end":{"line":124,"column":69}},"50":{"start":{"line":125,"column":8},"end":{"line":129,"column":10}},"51":{"start":{"line":126,"column":10},"end":{"line":126,"column":39}},"52":{"start":{"line":126,"column":21},"end":{"line":126,"column":39}},"53":{"start":{"line":127,"column":10},"end":{"line":128,"column":71}},"54":{"start":{"line":127,"column":28},"end":{"line":127,"column":64}},"55":{"start":{"line":128,"column":17},"end":{"line":128,"column":69}},"56":{"start":{"line":131,"column":8},"end":{"line":131,"column":26}},"57":{"start":{"line":137,"column":4},"end":{"line":149,"column":22}},"58":{"start":{"line":138,"column":6},"end":{"line":138,"column":48}},"59":{"start":{"line":139,"column":6},"end":{"line":148,"column":7}},"60":{"start":{"line":140,"column":8},"end":{"line":140,"column":88}},"61":{"start":{"line":140,"column":26},"end":{"line":140,"column":88}},"62":{"start":{"line":141,"column":8},"end":{"line":145,"column":10}},"63":{"start":{"line":142,"column":10},"end":{"line":142,"column":39}},"64":{"start":{"line":142,"column":21},"end":{"line":142,"column":39}},"65":{"start":{"line":143,"column":10},"end":{"line":144,"column":71}},"66":{"start":{"line":143,"column":28},"end":{"line":143,"column":64}},"67":{"start":{"line":144,"column":17},"end":{"line":144,"column":69}},"68":{"start":{"line":147,"column":8},"end":{"line":147,"column":26}},"69":{"start":{"line":153,"column":16},"end":{"line":153,"column":44}},"70":{"start":{"line":154,"column":4},"end":{"line":154,"column":59}},"71":{"start":{"line":155,"column":4},"end":{"line":155,"column":50}},"72":{"start":{"line":156,"column":4},"end":{"line":156,"column":21}},"73":{"start":{"line":160,"column":16},"end":{"line":160,"column":44}},"74":{"start":{"line":161,"column":4},"end":{"line":161,"column":61}},"75":{"start":{"line":162,"column":4},"end":{"line":162,"column":47}},"76":{"start":{"line":163,"column":4},"end":{"line":163,"column":21}},"77":{"start":{"line":167,"column":24},"end":{"line":167,"column":34}},"78":{"start":{"line":168,"column":4},"end":{"line":176,"column":5}},"79":{"start":{"line":169,"column":21},"end":{"line":169,"column":49}},"80":{"start":{"line":170,"column":6},"end":{"line":172,"column":7}},"81":{"start":{"line":171,"column":8},"end":{"line":171,"column":49}},"82":{"start":{"line":174,"column":6},"end":{"line":174,"column":49}},"83":{"start":{"line":175,"column":6},"end":{"line":175,"column":25}},"84":{"start":{"line":180,"column":15},"end":{"line":180,"column":43}},"85":{"start":{"line":181,"column":4},"end":{"line":190,"column":5}},"86":{"start":{"line":182,"column":21},"end":{"line":182,"column":53}},"87":{"start":{"line":183,"column":6},"end":{"line":186,"column":7}},"88":{"start":{"line":184,"column":8},"end":{"line":184,"column":51}},"89":{"start":{"line":185,"column":8},"end":{"line":185,"column":27}},"90":{"start":{"line":188,"column":6},"end":{"line":188,"column":49}},"91":{"start":{"line":189,"column":6},"end":{"line":189,"column":25}},"92":{"start":{"line":194,"column":4},"end":{"line":194,"column":16}},"93":{"start":{"line":195,"column":4},"end":{"line":195,"column":21}},"94":{"start":{"line":199,"column":23},"end":{"line":199,"column":26}},"95":{"start":{"line":200,"column":4},"end":{"line":200,"column":81}},"96":{"start":{"line":201,"column":4},"end":{"line":201,"column":60}},"97":{"start":{"line":202,"column":4},"end":{"line":202,"column":58}},"98":{"start":{"line":203,"column":4},"end":{"line":203,"column":89}},"99":{"start":{"line":204,"column":4},"end":{"line":204,"column":73}},"100":{"start":{"line":205,"column":23},"end":{"line":205,"column":45}},"101":{"start":{"line":206,"column":4},"end":{"line":208,"column":5}},"102":{"start":{"line":207,"column":6},"end":{"line":207,"column":51}},"103":{"start":{"line":209,"column":4},"end":{"line":220,"column":16}},"104":{"start":{"line":210,"column":6},"end":{"line":219,"column":7}},"105":{"start":{"line":211,"column":8},"end":{"line":216,"column":9}},"106":{"start":{"line":212,"column":10},"end":{"line":212,"column":32}},"107":{"start":{"line":213,"column":10},"end":{"line":213,"column":79}},"108":{"start":{"line":215,"column":10},"end":{"line":215,"column":73}},"109":{"start":{"line":218,"column":8},"end":{"line":218,"column":44}}},"fnMap":{"0":{"name":"(anonymous_0)","decl":{"start":{"line":9,"column":2},"end":{"line":9,"column":3}},"loc":{"start":{"line":9,"column":22},"end":{"line":11,"column":3}},"line":9},"1":{"name":"(anonymous_1)","decl":{"start":{"line":13,"column":2},"end":{"line":13,"column":3}},"loc":{"start":{"line":13,"column":25},"end":{"line":15,"column":3}},"line":13},"2":{"name":"(anonymous_2)","decl":{"start":{"line":17,"column":2},"end":{"line":17,"column":3}},"loc":{"start":{"line":17,"column":30},"end":{"line":21,"column":3}},"line":17},"3":{"name":"(anonymous_3)","decl":{"start":{"line":23,"column":2},"end":{"line":23,"column":3}},"loc":{"start":{"line":23,"column":34},"end":{"line":25,"column":3}},"line":23},"4":{"name":"(anonymous_4)","decl":{"start":{"line":27,"column":2},"end":{"line":27,"column":3}},"loc":{"start":{"line":27,"column":35},"end":{"line":40,"column":3}},"line":27},"5":{"name":"(anonymous_5)","decl":{"start":{"line":42,"column":2},"end":{"line":42,"column":3}},"loc":{"start":{"line":42,"column":31},"end":{"line":48,"column":3}},"line":42},"6":{"name":"(anonymous_6)","decl":{"start":{"line":50,"column":2},"end":{"line":50,"column":3}},"loc":{"start":{"line":50,"column":32},"end":{"line":61,"column":3}},"line":50},"7":{"name":"(anonymous_7)","decl":{"start":{"line":63,"column":2},"end":{"line":63,"column":3}},"loc":{"start":{"line":63,"column":28},"end":{"line":71,"column":3}},"line":63},"8":{"name":"(anonymous_8)","decl":{"start":{"line":73,"column":2},"end":{"line":73,"column":3}},"loc":{"start":{"line":73,"column":33},"end":{"line":86,"column":3}},"line":73},"9":{"name":"(anonymous_9)","decl":{"start":{"line":77,"column":45},"end":{"line":77,"column":46}},"loc":{"start":{"line":77,"column":62},"end":{"line":82,"column":7}},"line":77},"10":{"name":"(anonymous_10)","decl":{"start":{"line":88,"column":2},"end":{"line":88,"column":3}},"loc":{"start":{"line":88,"column":29},"end":{"line":101,"column":3}},"line":88},"11":{"name":"(anonymous_11)","decl":{"start":{"line":104,"column":2},"end":{"line":104,"column":3}},"loc":{"start":{"line":104,"column":38},"end":{"line":118,"column":3}},"line":104},"12":{"name":"(anonymous_12)","decl":{"start":{"line":106,"column":35},"end":{"line":106,"column":36}},"loc":{"start":{"line":106,"column":61},"end":{"line":117,"column":5}},"line":106},"13":{"name":"(anonymous_13)","decl":{"start":{"line":109,"column":24},"end":{"line":109,"column":25}},"loc":{"start":{"line":109,"column":39},"end":{"line":113,"column":9}},"line":109},"14":{"name":"(anonymous_14)","decl":{"start":{"line":120,"column":2},"end":{"line":120,"column":3}},"loc":{"start":{"line":120,"column":31},"end":{"line":134,"column":3}},"line":120},"15":{"name":"(anonymous_15)","decl":{"start":{"line":121,"column":37},"end":{"line":121,"column":38}},"loc":{"start":{"line":121,"column":58},"end":{"line":133,"column":5}},"line":121},"16":{"name":"(anonymous_16)","decl":{"start":{"line":125,"column":24},"end":{"line":125,"column":25}},"loc":{"start":{"line":125,"column":39},"end":{"line":129,"column":9}},"line":125},"17":{"name":"(anonymous_17)","decl":{"start":{"line":136,"column":2},"end":{"line":136,"column":3}},"loc":{"start":{"line":136,"column":30},"end":{"line":150,"column":3}},"line":136},"18":{"name":"(anonymous_18)","decl":{"start":{"line":137,"column":36},"end":{"line":137,"column":37}},"loc":{"start":{"line":137,"column":57},"end":{"line":149,"column":5}},"line":137},"19":{"name":"(anonymous_19)","decl":{"start":{"line":141,"column":24},"end":{"line":141,"column":25}},"loc":{"start":{"line":141,"column":39},"end":{"line":145,"column":9}},"line":141},"20":{"name":"(anonymous_20)","decl":{"start":{"line":152,"column":2},"end":{"line":152,"column":3}},"loc":{"start":{"line":152,"column":29},"end":{"line":157,"column":3}},"line":152},"21":{"name":"(anonymous_21)","decl":{"start":{"line":159,"column":2},"end":{"line":159,"column":3}},"loc":{"start":{"line":159,"column":29},"end":{"line":164,"column":3}},"line":159},"22":{"name":"(anonymous_22)","decl":{"start":{"line":166,"column":2},"end":{"line":166,"column":3}},"loc":{"start":{"line":166,"column":31},"end":{"line":177,"column":3}},"line":166},"23":{"name":"(anonymous_23)","decl":{"start":{"line":179,"column":2},"end":{"line":179,"column":3}},"loc":{"start":{"line":179,"column":29},"end":{"line":191,"column":3}},"line":179},"24":{"name":"(anonymous_24)","decl":{"start":{"line":193,"column":2},"end":{"line":193,"column":3}},"loc":{"start":{"line":193,"column":23},"end":{"line":196,"column":3}},"line":193},"25":{"name":"(anonymous_25)","decl":{"start":{"line":198,"column":2},"end":{"line":198,"column":3}},"loc":{"start":{"line":198,"column":31},"end":{"line":221,"column":3}},"line":198},"26":{"name":"(anonymous_26)","decl":{"start":{"line":209,"column":36},"end":{"line":209,"column":37}},"loc":{"start":{"line":209,"column":62},"end":{"line":220,"column":5}},"line":209}},"branchMap":{"0":{"loc":{"start":{"line":28,"column":17},"end":{"line":28,"column":36}},"type":"binary-expr","locations":[{"start":{"line":28,"column":17},"end":{"line":28,"column":31}},{"start":{"line":28,"column":35},"end":{"line":28,"column":36}}],"line":28},"1":{"loc":{"start":{"line":45,"column":4},"end":{"line":47,"column":5}},"type":"if","locations":[{"start":{"line":45,"column":4},"end":{"line":47,"column":5}},{"start":{"line":45,"column":4},"end":{"line":47,"column":5}}],"line":45},"2":{"loc":{"start":{"line":54,"column":6},"end":{"line":57,"column":7}},"type":"if","locations":[{"start":{"line":54,"column":6},"end":{"line":57,"column":7}},{"start":{"line":54,"column":6},"end":{"line":57,"column":7}}],"line":54},"3":{"loc":{"start":{"line":75,"column":17},"end":{"line":75,"column":36}},"type":"binary-expr","locations":[{"start":{"line":75,"column":17},"end":{"line":75,"column":31}},{"start":{"line":75,"column":35},"end":{"line":75,"column":36}}],"line":75},"4":{"loc":{"start":{"line":90,"column":17},"end":{"line":90,"column":36}},"type":"binary-expr","locations":[{"start":{"line":90,"column":17},"end":{"line":90,"column":31}},{"start":{"line":90,"column":35},"end":{"line":90,"column":36}}],"line":90},"5":{"loc":{"start":{"line":108,"column":8},"end":{"line":108,"column":84}},"type":"if","locations":[{"start":{"line":108,"column":8},"end":{"line":108,"column":84}},{"start":{"line":108,"column":8},"end":{"line":108,"column":84}}],"line":108},"6":{"loc":{"start":{"line":108,"column":12},"end":{"line":108,"column":24}},"type":"binary-expr","locations":[{"start":{"line":108,"column":12},"end":{"line":108,"column":15}},{"start":{"line":108,"column":19},"end":{"line":108,"column":24}}],"line":108},"7":{"loc":{"start":{"line":110,"column":10},"end":{"line":110,"column":39}},"type":"if","locations":[{"start":{"line":110,"column":10},"end":{"line":110,"column":39}},{"start":{"line":110,"column":10},"end":{"line":110,"column":39}}],"line":110},"8":{"loc":{"start":{"line":111,"column":10},"end":{"line":112,"column":71}},"type":"if","locations":[{"start":{"line":111,"column":10},"end":{"line":112,"column":71}},{"start":{"line":111,"column":10},"end":{"line":112,"column":71}}],"line":111},"9":{"loc":{"start":{"line":124,"column":8},"end":{"line":124,"column":69}},"type":"if","locations":[{"start":{"line":124,"column":8},"end":{"line":124,"column":69}},{"start":{"line":124,"column":8},"end":{"line":124,"column":69}}],"line":124},"10":{"loc":{"start":{"line":124,"column":12},"end":{"line":124,"column":24}},"type":"binary-expr","locations":[{"start":{"line":124,"column":12},"end":{"line":124,"column":15}},{"start":{"line":124,"column":19},"end":{"line":124,"column":24}}],"line":124},"11":{"loc":{"start":{"line":126,"column":10},"end":{"line":126,"column":39}},"type":"if","locations":[{"start":{"line":126,"column":10},"end":{"line":126,"column":39}},{"start":{"line":126,"column":10},"end":{"line":126,"column":39}}],"line":126},"12":{"loc":{"start":{"line":127,"column":10},"end":{"line":128,"column":71}},"type":"if","locations":[{"start":{"line":127,"column":10},"end":{"line":128,"column":71}},{"start":{"line":127,"column":10},"end":{"line":128,"column":71}}],"line":127},"13":{"loc":{"start":{"line":140,"column":8},"end":{"line":140,"column":88}},"type":"if","locations":[{"start":{"line":140,"column":8},"end":{"line":140,"column":88}},{"start":{"line":140,"column":8},"end":{"line":140,"column":88}}],"line":140},"14":{"loc":{"start":{"line":140,"column":12},"end":{"line":140,"column":24}},"type":"binary-expr","locations":[{"start":{"line":140,"column":12},"end":{"line":140,"column":15}},{"start":{"line":140,"column":19},"end":{"line":140,"column":24}}],"line":140},"15":{"loc":{"start":{"line":142,"column":10},"end":{"line":142,"column":39}},"type":"if","locations":[{"start":{"line":142,"column":10},"end":{"line":142,"column":39}},{"start":{"line":142,"column":10},"end":{"line":142,"column":39}}],"line":142},"16":{"loc":{"start":{"line":143,"column":10},"end":{"line":144,"column":71}},"type":"if","locations":[{"start":{"line":143,"column":10},"end":{"line":144,"column":71}},{"start":{"line":143,"column":10},"end":{"line":144,"column":71}}],"line":143},"17":{"loc":{"start":{"line":153,"column":16},"end":{"line":153,"column":44}},"type":"binary-expr","locations":[{"start":{"line":153,"column":16},"end":{"line":153,"column":29}},{"start":{"line":153,"column":33},"end":{"line":153,"column":44}}],"line":153},"18":{"loc":{"start":{"line":160,"column":16},"end":{"line":160,"column":44}},"type":"binary-expr","locations":[{"start":{"line":160,"column":16},"end":{"line":160,"column":29}},{"start":{"line":160,"column":33},"end":{"line":160,"column":44}}],"line":160},"19":{"loc":{"start":{"line":170,"column":6},"end":{"line":172,"column":7}},"type":"if","locations":[{"start":{"line":170,"column":6},"end":{"line":172,"column":7}},{"start":{"line":170,"column":6},"end":{"line":172,"column":7}}],"line":170},"20":{"loc":{"start":{"line":180,"column":15},"end":{"line":180,"column":43}},"type":"binary-expr","locations":[{"start":{"line":180,"column":15},"end":{"line":180,"column":28}},{"start":{"line":180,"column":32},"end":{"line":180,"column":43}}],"line":180},"21":{"loc":{"start":{"line":183,"column":6},"end":{"line":186,"column":7}},"type":"if","locations":[{"start":{"line":183,"column":6},"end":{"line":186,"column":7}},{"start":{"line":183,"column":6},"end":{"line":186,"column":7}}],"line":183},"22":{"loc":{"start":{"line":206,"column":4},"end":{"line":208,"column":5}},"type":"if","locations":[{"start":{"line":206,"column":4},"end":{"line":208,"column":5}},{"start":{"line":206,"column":4},"end":{"line":208,"column":5}}],"line":206},"23":{"loc":{"start":{"line":211,"column":8},"end":{"line":216,"column":9}},"type":"if","locations":[{"start":{"line":211,"column":8},"end":{"line":216,"column":9}},{"start":{"line":211,"column":8},"end":{"line":216,"column":9}}],"line":211},"24":{"loc":{"start":{"line":211,"column":12},"end":{"line":211,"column":24}},"type":"binary-expr","locations":[{"start":{"line":211,"column":12},"end":{"line":211,"column":15}},{"start":{"line":211,"column":19},"end":{"line":211,"column":24}}],"line":211}},"s":{"0":0,"1":0,"2":0,"3":0,"4":0,"5":0,"6":0,"7":0,"8":0,"9":0,"10":0,"11":0,"12":0,"13":0,"14":0,"15":0,"16":0,"17":0,"18":0,"19":0,"20":0,"21":0,"22":0,"23":0,"24":0,"25":0,"26":0,"27":0,"28":0,"29":0,"30":0,"31":0,"32":0,"33":0,"34":0,"35":0,"36":0,"37":0,"38":0,"39":0,"40":0,"41":0,"42":0,"43":0,"44":0,"45":0,"46":0,"47":0,"48":0,"49":0,"50":0,"51":0,"52":0,"53":0,"54":0,"55":0,"56":0,"57":0,"58":0,"59":0,"60":0,"61":0,"62":0,"63":0,"64":0,"65":0,"66":0,"67":0,"68":0,"69":0,"70":0,"71":0,"72":0,"73":0,"74":0,"75":0,"76":0,"77":0,"78":0,"79":0,"80":0,"81":0,"82":0,"83":0,"84":0,"85":0,"86":0,"87":0,"88":0,"89":0,"90":0,"91":0,"92":0,"93":0,"94":0,"95":0,"96":0,"97":0,"98":0,"99":0,"100":0,"101":0,"102":0,"103":0,"104":0,"105":0,"106":0,"107":0,"108":0,"109":0},"f":{"0":0,"1":0,"2":0,"3":0,"4":0,"5":0,"6":0,"7":0,"8":0,"9":0,"10":0,"11":0,"12":0,"13":0,"14":0,"15":0,"16":0,"17":0,"18":0,"19":0,"20":0,"21":0,"22":0,"23":0,"24":0,"25":0,"26":0},"b":{"0":[0,0],"1":[0,0],"2":[0,0],"3":[0,0],"4":[0,0],"5":[0,0],"6":[0,0],"7":[0,0],"8":[0,0],"9":[0,0],"10":[0,0],"11":[0,0],"12":[0,0],"13":[0,0],"14":[0,0],"15":[0,0],"16":[0,0],"17":[0,0],"18":[0,0],"19":[0,0],"20":[0,0],"21":[0,0],"22":[0,0],"23":[0,0],"24":[0,0]},"_coverageSchema":"43e27e138ebf9cfc5966b082cf9a028302ed4184","hash":"8b8f683800e1b6aa4fd124cdebb8992fd8f1411c"}
,"/Users/kennymark/Desktop/Projects/express-starter/data/messages.js": {"path":"/Users/kennymark/Desktop/Projects/express-starter/data/messages.js","statementMap":{"0":{"start":{"line":15,"column":2},"end":{"line":15,"column":82}}},"fnMap":{"0":{"name":"(anonymous_0)","decl":{"start":{"line":14,"column":1},"end":{"line":14,"column":2}},"loc":{"start":{"line":14,"column":25},"end":{"line":16,"column":2}},"line":14}},"branchMap":{},"s":{"0":0},"f":{"0":0},"b":{},"_coverageSchema":"43e27e138ebf9cfc5966b082cf9a028302ed4184","hash":"95a56040d995eed4b1af5d29cb07cbdf600ff78b"}
,"/Users/kennymark/Desktop/Projects/express-starter/models/user.model.js": {"path":"/Users/kennymark/Desktop/Projects/express-starter/models/user.model.js","statementMap":{"0":{"start":{"line":5,"column":15},"end":{"line":5,"column":24}},"1":{"start":{"line":7,"column":19},"end":{"line":56,"column":2}},"2":{"start":{"line":58,"column":0},"end":{"line":58,"column":28}},"3":{"start":{"line":60,"column":0},"end":{"line":66,"column":2}},"4":{"start":{"line":61,"column":2},"end":{"line":64,"column":3}},"5":{"start":{"line":62,"column":15},"end":{"line":62,"column":51}},"6":{"start":{"line":63,"column":4},"end":{"line":63,"column":24}},"7":{"start":{"line":65,"column":2},"end":{"line":65,"column":8}},"8":{"start":{"line":77,"column":0},"end":{"line":82,"column":1}},"9":{"start":{"line":78,"column":2},"end":{"line":81,"column":4}},"10":{"start":{"line":79,"column":4},"end":{"line":79,"column":29}},"11":{"start":{"line":79,"column":13},"end":{"line":79,"column":29}},"12":{"start":{"line":80,"column":4},"end":{"line":80,"column":18}}},"fnMap":{"0":{"name":"(anonymous_0)","decl":{"start":{"line":60,"column":23},"end":{"line":60,"column":24}},"loc":{"start":{"line":60,"column":44},"end":{"line":66,"column":1}},"line":60},"1":{"name":"(anonymous_1)","decl":{"start":{"line":77,"column":37},"end":{"line":77,"column":38}},"loc":{"start":{"line":77,"column":62},"end":{"line":82,"column":1}},"line":77},"2":{"name":"(anonymous_2)","decl":{"start":{"line":78,"column":48},"end":{"line":78,"column":49}},"loc":{"start":{"line":78,"column":66},"end":{"line":81,"column":3}},"line":78}},"branchMap":{"0":{"loc":{"start":{"line":61,"column":2},"end":{"line":64,"column":3}},"type":"if","locations":[{"start":{"line":61,"column":2},"end":{"line":64,"column":3}},{"start":{"line":61,"column":2},"end":{"line":64,"column":3}}],"line":61},"1":{"loc":{"start":{"line":79,"column":4},"end":{"line":79,"column":29}},"type":"if","locations":[{"start":{"line":79,"column":4},"end":{"line":79,"column":29}},{"start":{"line":79,"column":4},"end":{"line":79,"column":29}}],"line":79}},"s":{"0":1,"1":1,"2":1,"3":1,"4":0,"5":0,"6":0,"7":0,"8":1,"9":0,"10":0,"11":0,"12":0},"f":{"0":0,"1":0,"2":0},"b":{"0":[0,0],"1":[0,0]},"_coverageSchema":"43e27e138ebf9cfc5966b082cf9a028302ed4184","hash":"edfb3ce2d6dfabf5159c5109d6aeb91b6c66cd55"}
,"/Users/kennymark/Desktop/Projects/express-starter/routes/index.routes.js": {"path":"/Users/kennymark/Desktop/Projects/express-starter/routes/index.routes.js","statementMap":{"0":{"start":{"line":5,"column":15},"end":{"line":5,"column":31}},"1":{"start":{"line":8,"column":0},"end":{"line":8,"column":41}},"2":{"start":{"line":9,"column":0},"end":{"line":9,"column":51}},"3":{"start":{"line":10,"column":0},"end":{"line":10,"column":51}},"4":{"start":{"line":11,"column":0},"end":{"line":11,"column":47}},"5":{"start":{"line":12,"column":0},"end":{"line":12,"column":71}},"6":{"start":{"line":16,"column":0},"end":{"line":16,"column":59}},"7":{"start":{"line":20,"column":0},"end":{"line":20,"column":55}},"8":{"start":{"line":22,"column":0},"end":{"line":22,"column":71}}},"fnMap":{},"branchMap":{},"s":{"0":1,"1":1,"2":1,"3":1,"4":1,"5":1,"6":1,"7":1,"8":1},"f":{},"b":{},"_coverageSchema":"43e27e138ebf9cfc5966b082cf9a028302ed4184","hash":"ac214db5e8b3ed87a4ac1339388ac835f9e73ded"}
,"/Users/kennymark/Desktop/Projects/express-starter/routes/user.routes.js": {"path":"/Users/kennymark/Desktop/Projects/express-starter/routes/user.routes.js","statementMap":{"0":{"start":{"line":5,"column":13},"end":{"line":5,"column":29}},"1":{"start":{"line":8,"column":2},"end":{"line":8,"column":42}},"2":{"start":{"line":8,"column":29},"end":{"line":8,"column":42}},"3":{"start":{"line":9,"column":2},"end":{"line":9,"column":51}},"4":{"start":{"line":10,"column":2},"end":{"line":10,"column":44}},"5":{"start":{"line":13,"column":0},"end":{"line":13,"column":46}},"6":{"start":{"line":14,"column":0},"end":{"line":14,"column":51}},"7":{"start":{"line":16,"column":0},"end":{"line":16,"column":83}},"8":{"start":{"line":18,"column":0},"end":{"line":18,"column":84}},"9":{"start":{"line":20,"column":0},"end":{"line":20,"column":75}},"10":{"start":{"line":22,"column":0},"end":{"line":22,"column":49}},"11":{"start":{"line":24,"column":0},"end":{"line":24,"column":62}},"12":{"start":{"line":25,"column":0},"end":{"line":25,"column":93}},"13":{"start":{"line":28,"column":0},"end":{"line":28,"column":52}},"14":{"start":{"line":29,"column":0},"end":{"line":29,"column":53}},"15":{"start":{"line":31,"column":0},"end":{"line":31,"column":48}},"16":{"start":{"line":32,"column":0},"end":{"line":32,"column":55}},"17":{"start":{"line":34,"column":0},"end":{"line":34,"column":73}},"18":{"start":{"line":35,"column":0},"end":{"line":35,"column":71}},"19":{"start":{"line":37,"column":0},"end":{"line":37,"column":61}}},"fnMap":{"0":{"name":"ensureAuthenticated","decl":{"start":{"line":7,"column":16},"end":{"line":7,"column":35}},"loc":{"start":{"line":7,"column":52},"end":{"line":11,"column":1}},"line":7}},"branchMap":{"0":{"loc":{"start":{"line":8,"column":2},"end":{"line":8,"column":42}},"type":"if","locations":[{"start":{"line":8,"column":2},"end":{"line":8,"column":42}},{"start":{"line":8,"column":2},"end":{"line":8,"column":42}}],"line":8}},"s":{"0":1,"1":0,"2":0,"3":0,"4":0,"5":1,"6":1,"7":1,"8":1,"9":1,"10":1,"11":1,"12":1,"13":1,"14":1,"15":1,"16":1,"17":1,"18":1,"19":1},"f":{"0":0},"b":{"0":[0,0]},"_coverageSchema":"43e27e138ebf9cfc5966b082cf9a028302ed4184","hash":"6f81478d2bfe78ce1e34044a5f75b00b60eaff97"}
,"/Users/kennymark/Desktop/Projects/express-starter/utils/config.js": {"path":"/Users/kennymark/Desktop/Projects/express-starter/utils/config.js","statementMap":{"0":{"start":{"line":5,"column":14},"end":{"line":5,"column":33}},"1":{"start":{"line":6,"column":0},"end":{"line":6,"column":12}},"2":{"start":{"line":15,"column":8},"end":{"line":15,"column":36}},"3":{"start":{"line":16,"column":8},"end":{"line":16,"column":36}},"4":{"start":{"line":17,"column":8},"end":{"line":20,"column":20}}},"fnMap":{"0":{"name":"(anonymous_0)","decl":{"start":{"line":14,"column":12},"end":{"line":14,"column":13}},"loc":{"start":{"line":14,"column":47},"end":{"line":21,"column":7}},"line":14}},"branchMap":{},"s":{"0":1,"1":1,"2":0,"3":0,"4":0},"f":{"0":0},"b":{},"_coverageSchema":"43e27e138ebf9cfc5966b082cf9a028302ed4184","hash":"2dff0a359d96ba54b320c6856bee73449e65f74f"}
,"/Users/kennymark/Desktop/Projects/express-starter/utils/errorFormatter.js": {"path":"/Users/kennymark/Desktop/Projects/express-starter/utils/errorFormatter.js","statementMap":{"0":{"start":{"line":2,"column":17},"end":{"line":2,"column":33}},"1":{"start":{"line":3,"column":9},"end":{"line":3,"column":26}},"2":{"start":{"line":4,"column":14},"end":{"line":4,"column":18}},"3":{"start":{"line":6,"column":1},"end":{"line":8,"column":2}},"4":{"start":{"line":7,"column":2},"end":{"line":7,"column":45}},"5":{"start":{"line":9,"column":1},"end":{"line":11,"column":3}}},"fnMap":{"0":{"name":"errorFormatter","decl":{"start":{"line":1,"column":16},"end":{"line":1,"column":30}},"loc":{"start":{"line":1,"column":43},"end":{"line":12,"column":1}},"line":1}},"branchMap":{},"s":{"0":0,"1":0,"2":0,"3":0,"4":0,"5":0},"f":{"0":0},"b":{},"_coverageSchema":"43e27e138ebf9cfc5966b082cf9a028302ed4184","hash":"31ac9818d7d68c15310b5b597f8f7880fae20ec3"}
,"/Users/kennymark/Desktop/Projects/express-starter/utils/util.js": {"path":"/Users/kennymark/Desktop/Projects/express-starter/utils/util.js","statementMap":{"0":{"start":{"line":3,"column":13},"end":{"line":3,"column":21}},"1":{"start":{"line":4,"column":13},"end":{"line":4,"column":44}},"2":{"start":{"line":7,"column":1},"end":{"line":7,"column":66}},"3":{"start":{"line":8,"column":1},"end":{"line":8,"column":7}},"4":{"start":{"line":12,"column":1},"end":{"line":12,"column":30}},"5":{"start":{"line":13,"column":1},"end":{"line":13,"column":23}},"6":{"start":{"line":14,"column":1},"end":{"line":14,"column":27}},"7":{"start":{"line":15,"column":1},"end":{"line":15,"column":38}},"8":{"start":{"line":16,"column":1},"end":{"line":16,"column":42}},"9":{"start":{"line":17,"column":1},"end":{"line":17,"column":60}},"10":{"start":{"line":19,"column":1},"end":{"line":19,"column":7}}},"fnMap":{"0":{"name":"logger","decl":{"start":{"line":6,"column":16},"end":{"line":6,"column":22}},"loc":{"start":{"line":6,"column":39},"end":{"line":9,"column":1}},"line":6},"1":{"name":"setLocals","decl":{"start":{"line":11,"column":16},"end":{"line":11,"column":25}},"loc":{"start":{"line":11,"column":42},"end":{"line":20,"column":1}},"line":11}},"branchMap":{},"s":{"0":1,"1":1,"2":0,"3":0,"4":0,"5":0,"6":0,"7":0,"8":0,"9":0,"10":0},"f":{"0":0,"1":0},"b":{},"_coverageSchema":"43e27e138ebf9cfc5966b082cf9a028302ed4184","hash":"32024f697f390673bef3521180e6d4bdc28d9bd7"}
}
